unsorted: [7 3 6 8 5 9 1 4 2]
bubble sorted: [1 2 3 4 5 6 7 8 9], iterations: 23
unsorted: [7 3 6 8 5 9 1 4 2]
insertion sorted: [1 2 3 4 5 6 7 8 9], iterations: 6
calling merged result of a: [7 3 6 8], b: [5 9 1 4 2]
calling merged result of a: [7 3], b: [6 8]
calling merged result of a: [7], b: [3]
merge got a: [7], b: [3]
calling merged result of a: [6], b: [8]
merge got a: [6], b: [8]
merge got a: [], b: []
calling merged result of a: [5 9], b: [1 4 2]
calling merged result of a: [5], b: [9]
merge got a: [5], b: [9]
calling merged result of a: [1], b: [4 2]
calling merged result of a: [4], b: [2]
merge got a: [4], b: [2]
merge got a: [1], b: []
merge got a: [], b: []
merge got a: [], b: []
unsorted: [7 3 6 8 5 9 1 4 2]
insertion sorted: []
